<?xml version="1.0" encoding="UTF-8"?>
<!-- Generated by org.testng.reporters.JUnitReportReporter -->
<testsuite skipped="0" hostname="DESKTOP-88RIT0I" name="testng.testcases.ContactsTest" tests="1" failures="0" timestamp="2023-03-26T14:47:42 PDT" time="38.576" errors="0">
  <testcase name="tc32" time="38.576" classname="testng.testcases.ContactsTest"/>
  <system-out/>
</testsuite> <!-- testng.testcases.ContactsTest -->
