<?xml version="1.0" encoding="UTF-8"?>
<!-- Generated by org.testng.reporters.JUnitReportReporter -->
<testsuite skipped="0" hostname="DESKTOP-88RIT0I" name="testng.testcases.RandomScenariosTest" tests="1" failures="0" timestamp="2023-03-29T07:02:00 PDT" time="62.809" errors="0">
  <testcase name="tc37" time="62.809" classname="testng.testcases.RandomScenariosTest"/>
  <system-out/>
</testsuite> <!-- testng.testcases.RandomScenariosTest -->
