<?xml version="1.0" encoding="UTF-8"?>
<!-- Generated by org.testng.reporters.JUnitReportReporter -->
<testsuite skipped="0" hostname="DESKTOP-88RIT0I" name="testng.testcases.CreateOpportunityTest" tests="1" failures="0" timestamp="2023-03-30T09:05:36 PDT" time="46.181" errors="0">
  <testcase name="tc16" time="46.181" classname="testng.testcases.CreateOpportunityTest"/>
  <system-out/>
</testsuite> <!-- testng.testcases.CreateOpportunityTest -->
