<?xml version="1.0" encoding="UTF-8"?>
<!-- Generated by org.testng.reporters.JUnitReportReporter -->
<testsuite skipped="0" hostname="DESKTOP-88RIT0I" name="testng.testcases.LoginTest" tests="1" failures="0" timestamp="2023-03-28T17:33:54 PDT" time="19.721" errors="0">
  <testcase name="tc04a" time="19.721" classname="testng.testcases.LoginTest"/>
  <system-out/>
</testsuite> <!-- testng.testcases.LoginTest -->
