<?xml version="1.0" encoding="UTF-8"?>
<!-- Generated by org.testng.reporters.JUnitReportReporter -->
<testsuite skipped="0" hostname="DESKTOP-88RIT0I" name="testng.testcases.LeadsTest" tests="1" failures="0" timestamp="2023-03-28T21:05:21 PDT" time="55.958" errors="0">
  <testcase name="tc22" time="55.958" classname="testng.testcases.LeadsTest"/>
  <system-out/>
</testsuite> <!-- testng.testcases.LeadsTest -->
