<?xml version="1.0" encoding="UTF-8"?>
<!-- Generated by org.testng.reporters.JUnitReportReporter -->
<testsuite skipped="0" hostname="DESKTOP-88RIT0I" name="testng.testcases.UserMenuDropdownTest" tests="1" failures="0" timestamp="2023-03-27T18:31:05 PDT" time="54.764" errors="0">
  <testcase name="tc06" time="54.764" classname="testng.testcases.UserMenuDropdownTest"/>
  <system-out/>
</testsuite> <!-- testng.testcases.UserMenuDropdownTest -->
