<?xml version="1.0" encoding="UTF-8"?>
<!-- Generated by org.testng.reporters.JUnitReportReporter -->
<testsuite skipped="0" hostname="DESKTOP-88RIT0I" name="testng.testcases.CreateAccTest" tests="1" failures="0" timestamp="2023-03-27T18:40:27 PDT" time="30.232" errors="0">
  <testcase name="tc13" time="30.232" classname="testng.testcases.CreateAccTest"/>
  <system-out/>
</testsuite> <!-- testng.testcases.CreateAccTest -->
